<?xml version="1.0" encoding="UTF-8"?>
<!-- Generated by org.testng.reporters.JUnitXMLReporter -->
<testsuite ignored="0" hostname="Atul-Ekta" failures="1" tests="2" name="Test" time="33.778" errors="0" timestamp="2023-07-03T22:40:13 IST">
  <testcase classname="a4TestNGPack.Amazon_E_Commerce_Project_Chrome" name="TestSearchBox" time="11.623"/>
  <testcase classname="a4TestNGPack.Amazon_E_Commerce_Project_Chrome" name="validateUserName" time="0.151">
    <failure type="java.lang.AssertionError" message="Actual and Expected User Names are not equal TC Failed expected [7757013834] but found [Hello, ekta]">
      <![CDATA[java.lang.AssertionError: Actual and Expected User Names are not equal TC Failed expected [7757013834] but found [Hello, ekta]
at a4TestNGPack.Amazon_E_Commerce_Project_Chrome.validateUserName(Amazon_E_Commerce_Project_Chrome.java:75)
at java.base/java.util.ArrayList.forEach(ArrayList.java:1541)
... Removed 36 stack frames]]>
    </failure>
  </testcase> <!-- validateUserName -->
</testsuite> <!-- Test -->
